{
  "stats": {
    "suites": 1,
    "tests": 3,
    "passes": 3,
    "pending": 0,
    "failures": 0,
    "start": "2024-07-06T18:04:10.248Z",
    "end": "2024-07-06T18:04:13.055Z",
    "duration": 2807,
    "testsRegistered": 3,
    "passPercent": 100,
    "pendingPercent": 0,
    "other": 0,
    "hasOther": false,
    "skipped": 0,
    "hasSkipped": false
  },
  "results": [
    {
      "uuid": "4da96b7e-2b87-425e-bbc5-377fee858d32",
      "title": "",
      "fullFile": "/Users/daniel/Documents/Data Daniel/mocking-api-selenium/test/mocha.js",
      "file": "/test/mocha.js",
      "beforeHooks": [],
      "afterHooks": [],
      "tests": [],
      "suites": [
        {
          "uuid": "34b13b3e-cb6e-4ffc-aa1a-9667ab7e0c86",
          "title": "User",
          "fullFile": "/Users/daniel/Documents/Data Daniel/mocking-api-selenium/test/mocha.js",
          "file": "/test/mocha.js",
          "beforeHooks": [
            {
              "title": "\"before each\" hook in \"User\"",
              "fullTitle": "User \"before each\" hook in \"User\"",
              "timedOut": false,
              "duration": 626,
              "state": null,
              "speed": null,
              "pass": false,
              "fail": false,
              "pending": false,
              "context": null,
              "code": "driver = await new Builder().forBrowser(Browser.CHROME).build();",
              "err": {},
              "uuid": "073be793-3d3c-414e-8bb7-6061dc734221",
              "parentUUID": "34b13b3e-cb6e-4ffc-aa1a-9667ab7e0c86",
              "isHook": true,
              "skipped": false
            }
          ],
          "afterHooks": [
            {
              "title": "\"after each\" hook in \"User\"",
              "fullTitle": "User \"after each\" hook in \"User\"",
              "timedOut": false,
              "duration": 75,
              "state": null,
              "speed": null,
              "pass": false,
              "fail": false,
              "pending": false,
              "context": null,
              "code": "await driver.quit();",
              "err": {},
              "uuid": "d678be3e-57d8-4bd8-b8ac-f5ad037a3b29",
              "parentUUID": "34b13b3e-cb6e-4ffc-aa1a-9667ab7e0c86",
              "isHook": true,
              "skipped": false
            }
          ],
          "tests": [
            {
              "title": "Able to see Add API",
              "fullTitle": "User Able to see Add API",
              "timedOut": false,
              "duration": 238,
              "state": "passed",
              "speed": "slow",
              "pass": true,
              "fail": false,
              "pending": false,
              "context": null,
              "code": "await driver.navigate().to(MOCKING_API_URL);\nconst btnAddAPI = await driver.findElement(By.xpath(XPATH.btnAddAPI));\nconst elementText = await btnAddAPI.getText();\nassert.ok(elementText === UI_TEXT.btnAddAPI);",
              "err": {},
              "uuid": "90b334cc-5abc-4824-9ce4-6a657a7e10bb",
              "parentUUID": "34b13b3e-cb6e-4ffc-aa1a-9667ab7e0c86",
              "isHook": false,
              "skipped": false
            },
            {
              "title": "Able to click Add API button",
              "fullTitle": "User Able to click Add API button",
              "timedOut": false,
              "duration": 227,
              "state": "passed",
              "speed": "slow",
              "pass": true,
              "fail": false,
              "pending": false,
              "context": null,
              "code": "await driver.navigate().to(MOCKING_API_URL);\nconst btnAddAPI = await driver.findElement(By.xpath(XPATH.btnAddAPI));\nawait btnAddAPI.click();\nconst popup = await driver.findElement(By.xpath(XPATH.popupAddEdit));\nconst popupTitle = await driver\n  .findElement(By.xpath(XPATH.popupTitle))\n  .getText();\nlet displayValue = await popup.getCssValue(\"display\");\nassert.ok(displayValue !== \"none\");\nconsole.log(popupTitle);\nassert.ok(popupTitle === UI_TEXT.btnAddAPI);",
              "err": {},
              "uuid": "16b6fee4-e2f5-4d6f-acc1-e19a870220a0",
              "parentUUID": "34b13b3e-cb6e-4ffc-aa1a-9667ab7e0c86",
              "isHook": false,
              "skipped": false
            },
            {
              "title": "Able to see table column text",
              "fullTitle": "User Able to see table column text",
              "timedOut": false,
              "duration": 195,
              "state": "passed",
              "speed": "slow",
              "pass": true,
              "fail": false,
              "pending": false,
              "context": null,
              "code": "await driver.navigate().to(MOCKING_API_URL);\nconst tableTh = await driver.findElements(By.xpath(XPATH.tableHead));\ntableTh.forEach(async (val, idx) =>\n  assert.ok((await val.getText()) === UI_TEXT.tableTh[idx])\n);",
              "err": {},
              "uuid": "044a0907-a186-4f99-abda-49b20ce479aa",
              "parentUUID": "34b13b3e-cb6e-4ffc-aa1a-9667ab7e0c86",
              "isHook": false,
              "skipped": false
            }
          ],
          "suites": [],
          "passes": [
            "90b334cc-5abc-4824-9ce4-6a657a7e10bb",
            "16b6fee4-e2f5-4d6f-acc1-e19a870220a0",
            "044a0907-a186-4f99-abda-49b20ce479aa"
          ],
          "failures": [],
          "pending": [],
          "skipped": [],
          "duration": 660,
          "root": false,
          "rootEmpty": false,
          "_timeout": 0
        }
      ],
      "passes": [],
      "failures": [],
      "pending": [],
      "skipped": [],
      "duration": 0,
      "root": true,
      "rootEmpty": true,
      "_timeout": 2000
    }
  ],
  "meta": {
    "mocha": {
      "version": "10.6.0"
    },
    "mochawesome": {
      "options": {
        "quiet": false,
        "reportFilename": "mochawesome",
        "saveHtml": true,
        "saveJson": true,
        "consoleReporter": "spec",
        "useInlineDiffs": false,
        "code": true
      },
      "version": "7.1.3"
    },
    "marge": {
      "options": null,
      "version": "6.2.0"
    }
  }
}