{
  "stats": {
    "suites": 1,
    "tests": 1,
    "passes": 1,
    "pending": 0,
    "failures": 0,
    "start": "2024-07-05T18:38:15.085Z",
    "end": "2024-07-05T18:38:16.021Z",
    "duration": 936,
    "testsRegistered": 1,
    "passPercent": 100,
    "pendingPercent": 0,
    "other": 0,
    "hasOther": false,
    "skipped": 0,
    "hasSkipped": false
  },
  "results": [
    {
      "uuid": "944cffd3-84fc-4bbf-85a7-384704e92e4e",
      "title": "",
      "fullFile": "/Users/daniel/Documents/Data Daniel/mocking-api-selenium/test/mocha.js",
      "file": "/test/mocha.js",
      "beforeHooks": [],
      "afterHooks": [],
      "tests": [],
      "suites": [
        {
          "uuid": "ea37fd87-ac1a-41d8-b288-a71f3f0ae17f",
          "title": "Using mocha",
          "fullFile": "/Users/daniel/Documents/Data Daniel/mocking-api-selenium/test/mocha.js",
          "file": "/test/mocha.js",
          "beforeHooks": [
            {
              "title": "\"before each\" hook in \"Using mocha\"",
              "fullTitle": "Using mocha \"before each\" hook in \"Using mocha\"",
              "timedOut": false,
              "duration": 699,
              "state": null,
              "speed": null,
              "pass": false,
              "fail": false,
              "pending": false,
              "context": null,
              "code": "driver = await new Builder().forBrowser(Browser.CHROME).build();",
              "err": {},
              "uuid": "9c1e59e2-0df2-48ca-9695-f201f31f961d",
              "parentUUID": "ea37fd87-ac1a-41d8-b288-a71f3f0ae17f",
              "isHook": true,
              "skipped": false
            }
          ],
          "afterHooks": [
            {
              "title": "\"after each\" hook in \"Using mocha\"",
              "fullTitle": "Using mocha \"after each\" hook in \"Using mocha\"",
              "timedOut": false,
              "duration": 55,
              "state": null,
              "speed": null,
              "pass": false,
              "fail": false,
              "pending": false,
              "context": null,
              "code": "await driver.quit();",
              "err": {},
              "uuid": "0196e6de-3640-43eb-a49b-897589321b68",
              "parentUUID": "ea37fd87-ac1a-41d8-b288-a71f3f0ae17f",
              "isHook": true,
              "skipped": false
            }
          ],
          "tests": [
            {
              "title": "Find element",
              "fullTitle": "Using mocha Find element",
              "timedOut": false,
              "duration": 181,
              "state": "passed",
              "speed": "slow",
              "pass": true,
              "fail": false,
              "pending": false,
              "context": null,
              "code": "await driver.navigate().to(mockingAppUrl);\nconst element = await driver.findElement(\n  By.xpath(\"//button[@class='content-button']\")\n);\nconst elementText = await element.getText();\nassert.ok(elementText === \"Add API\");",
              "err": {},
              "uuid": "6a247417-103b-40e1-9af2-ecb79dec2cfe",
              "parentUUID": "ea37fd87-ac1a-41d8-b288-a71f3f0ae17f",
              "isHook": false,
              "skipped": false
            }
          ],
          "suites": [],
          "passes": [
            "6a247417-103b-40e1-9af2-ecb79dec2cfe"
          ],
          "failures": [],
          "pending": [],
          "skipped": [],
          "duration": 181,
          "root": false,
          "rootEmpty": false,
          "_timeout": 0
        }
      ],
      "passes": [],
      "failures": [],
      "pending": [],
      "skipped": [],
      "duration": 0,
      "root": true,
      "rootEmpty": true,
      "_timeout": 2000
    }
  ],
  "meta": {
    "mocha": {
      "version": "10.6.0"
    },
    "mochawesome": {
      "options": {
        "quiet": false,
        "reportFilename": "mochawesome",
        "saveHtml": true,
        "saveJson": true,
        "consoleReporter": "spec",
        "useInlineDiffs": false,
        "code": true
      },
      "version": "7.1.3"
    },
    "marge": {
      "options": null,
      "version": "6.2.0"
    }
  }
}