{
  "stats": {
    "suites": 1,
    "tests": 1,
    "passes": 1,
    "pending": 0,
    "failures": 0,
    "start": "2024-07-06T05:57:32.574Z",
    "end": "2024-07-06T05:57:34.986Z",
    "duration": 2412,
    "testsRegistered": 1,
    "passPercent": 100,
    "pendingPercent": 0,
    "other": 0,
    "hasOther": false,
    "skipped": 0,
    "hasSkipped": false
  },
  "results": [
    {
      "uuid": "da433260-c8f0-49c4-9fb4-07b41d0f6b49",
      "title": "",
      "fullFile": "/Users/daniel/Documents/Data Daniel/mocking-api-selenium/test/mocha.js",
      "file": "/test/mocha.js",
      "beforeHooks": [],
      "afterHooks": [],
      "tests": [],
      "suites": [
        {
          "uuid": "c2714878-8a30-4e3e-9c01-66a18d5b8acf",
          "title": "Using mocha",
          "fullFile": "/Users/daniel/Documents/Data Daniel/mocking-api-selenium/test/mocha.js",
          "file": "/test/mocha.js",
          "beforeHooks": [
            {
              "title": "\"before each\" hook in \"Using mocha\"",
              "fullTitle": "Using mocha \"before each\" hook in \"Using mocha\"",
              "timedOut": false,
              "duration": 1490,
              "state": null,
              "speed": null,
              "pass": false,
              "fail": false,
              "pending": false,
              "context": null,
              "code": "driver = await new Builder().forBrowser(Browser.CHROME).build();",
              "err": {},
              "uuid": "9ff1e5d5-1ba4-4374-923b-480d6351551b",
              "parentUUID": "c2714878-8a30-4e3e-9c01-66a18d5b8acf",
              "isHook": true,
              "skipped": false
            }
          ],
          "afterHooks": [
            {
              "title": "\"after each\" hook in \"Using mocha\"",
              "fullTitle": "Using mocha \"after each\" hook in \"Using mocha\"",
              "timedOut": false,
              "duration": 56,
              "state": null,
              "speed": null,
              "pass": false,
              "fail": false,
              "pending": false,
              "context": null,
              "code": "await driver.quit();",
              "err": {},
              "uuid": "791b046d-0ff8-48ba-959c-c594e1e21312",
              "parentUUID": "c2714878-8a30-4e3e-9c01-66a18d5b8acf",
              "isHook": true,
              "skipped": false
            }
          ],
          "tests": [
            {
              "title": "Find element",
              "fullTitle": "Using mocha Find element",
              "timedOut": false,
              "duration": 864,
              "state": "passed",
              "speed": "slow",
              "pass": true,
              "fail": false,
              "pending": false,
              "context": null,
              "code": "await driver.navigate().to(MOCKING_API_URL);\nconst element = await driver.findElement(\n  By.xpath(\"//button[@class='content-button']\")\n);\nconst elementText = await element.getText();\nassert.ok(elementText === \"Add API\");",
              "err": {},
              "uuid": "6f9d1403-7833-4333-8eb8-6aa61770896e",
              "parentUUID": "c2714878-8a30-4e3e-9c01-66a18d5b8acf",
              "isHook": false,
              "skipped": false
            }
          ],
          "suites": [],
          "passes": [
            "6f9d1403-7833-4333-8eb8-6aa61770896e"
          ],
          "failures": [],
          "pending": [],
          "skipped": [],
          "duration": 864,
          "root": false,
          "rootEmpty": false,
          "_timeout": 0
        }
      ],
      "passes": [],
      "failures": [],
      "pending": [],
      "skipped": [],
      "duration": 0,
      "root": true,
      "rootEmpty": true,
      "_timeout": 2000
    }
  ],
  "meta": {
    "mocha": {
      "version": "10.6.0"
    },
    "mochawesome": {
      "options": {
        "quiet": false,
        "reportFilename": "mochawesome",
        "saveHtml": true,
        "saveJson": true,
        "consoleReporter": "spec",
        "useInlineDiffs": false,
        "code": true
      },
      "version": "7.1.3"
    },
    "marge": {
      "options": null,
      "version": "6.2.0"
    }
  }
}